2011-04-05 07:40:38 Notice: Notice (8): Undefined index:  a in [/Library/WebServer/Documents/4227/api/app/controllers/users_controller.php, line 10]
2011-04-05 07:49:55 Notice: Notice (8): Undefined index:  forms in [/Library/WebServer/Documents/4227/api/app/controllers/users_controller.php, line 16]
2011-04-05 07:50:11 Notice: Notice (8): Undefined index:  forms in [/Library/WebServer/Documents/4227/api/app/controllers/users_controller.php, line 16]
2011-04-05 07:53:52 Notice: Notice (8): Undefined index:  username in [/Library/WebServer/Documents/4227/api/app/controllers/users_controller.php, line 20]
2011-04-05 07:56:30 Notice: Notice (8): Undefined variable: error in [/Library/WebServer/Documents/4227/api/app/controllers/users_controller.php, line 11]
2011-04-05 08:08:32 Notice: Notice (8): Undefined index:  username in [/Library/WebServer/Documents/4227/api/app/models/user.php, line 24]
2011-04-05 08:08:32 Notice: Notice (8): Undefined index:  password in [/Library/WebServer/Documents/4227/api/app/models/user.php, line 25]
2011-04-11 10:28:38 Notice: Notice (8): Use of undefined constant ’0123456789abcdefghijklmnopqrstuvwxyz’ - assumed '’0123456789abcdefghijklmnopqrstuvwxyz’' in [/Library/WebServer/Documents/4227/api/app/controllers/components/api.php, line 22]
2011-04-11 10:28:38 Notice: Notice (8): Use of undefined constant ” - assumed '”' in [/Library/WebServer/Documents/4227/api/app/controllers/components/api.php, line 23]
2011-04-11 10:29:13 Notice: Notice (8): Use of undefined constant ’0123456789abcdefghijklmnopqrstuvwxyz’ - assumed '’0123456789abcdefghijklmnopqrstuvwxyz’' in [/Library/WebServer/Documents/4227/api/app/controllers/components/api.php, line 22]
2011-04-11 10:29:13 Notice: Notice (8): Use of undefined constant ” - assumed '”' in [/Library/WebServer/Documents/4227/api/app/controllers/components/api.php, line 23]
2011-04-11 10:29:13 Notice: Notice (8): Uninitialized string offset: 42 in [/Library/WebServer/Documents/4227/api/app/controllers/components/api.php, line 25]
2011-04-11 10:36:30 Notice: Notice (8): Undefined variable: a in [/Library/WebServer/Documents/4227/api/app/controllers/users_controller.php, line 67]
2011-04-11 12:47:46 Notice: Notice (8): Undefined index:  username in [/Library/WebServer/Documents/4227/api/app/models/user.php, line 24]
2011-04-11 12:47:46 Notice: Notice (8): Undefined index:  password in [/Library/WebServer/Documents/4227/api/app/models/user.php, line 25]
2011-04-11 12:48:02 Notice: Notice (8): Undefined index:  username in [/Library/WebServer/Documents/4227/api/app/models/user.php, line 24]
2011-04-11 12:48:02 Notice: Notice (8): Undefined index:  password in [/Library/WebServer/Documents/4227/api/app/models/user.php, line 25]
2011-04-11 12:48:09 Notice: Notice (8): Undefined index:  username in [/Library/WebServer/Documents/4227/api/app/models/user.php, line 24]
2011-04-11 12:48:09 Notice: Notice (8): Undefined index:  password in [/Library/WebServer/Documents/4227/api/app/models/user.php, line 25]
2011-04-11 12:48:10 Notice: Notice (8): Undefined index:  username in [/Library/WebServer/Documents/4227/api/app/models/user.php, line 24]
2011-04-11 12:48:10 Notice: Notice (8): Undefined index:  password in [/Library/WebServer/Documents/4227/api/app/models/user.php, line 25]
2011-04-11 12:48:21 Notice: Notice (8): Undefined index:  username in [/Library/WebServer/Documents/4227/api/app/models/user.php, line 24]
2011-04-11 12:48:21 Notice: Notice (8): Undefined index:  password in [/Library/WebServer/Documents/4227/api/app/models/user.php, line 25]
2011-04-11 12:49:04 Notice: Notice (8): Undefined index:  username in [/Library/WebServer/Documents/4227/api/app/models/user.php, line 24]
2011-04-11 12:49:04 Notice: Notice (8): Undefined index:  password in [/Library/WebServer/Documents/4227/api/app/models/user.php, line 25]
2011-04-11 12:49:16 Notice: Notice (8): Undefined index:  username in [/Library/WebServer/Documents/4227/api/app/models/user.php, line 24]
2011-04-11 12:49:16 Notice: Notice (8): Undefined index:  password in [/Library/WebServer/Documents/4227/api/app/models/user.php, line 25]
2011-04-11 13:02:27 Notice: Notice (8): Undefined index:  username in [/Library/WebServer/Documents/4227/api/app/models/user.php, line 24]
2011-04-11 13:02:27 Notice: Notice (8): Undefined index:  password in [/Library/WebServer/Documents/4227/api/app/models/user.php, line 25]
2011-04-11 13:03:03 Notice: Notice (8): Undefined index:  username in [/Library/WebServer/Documents/4227/api/app/models/user.php, line 24]
2011-04-11 13:03:03 Notice: Notice (8): Undefined index:  password in [/Library/WebServer/Documents/4227/api/app/models/user.php, line 25]
2011-04-11 13:03:13 Notice: Notice (8): Undefined index:  username in [/Library/WebServer/Documents/4227/api/app/models/user.php, line 24]
2011-04-11 13:03:13 Notice: Notice (8): Undefined index:  password in [/Library/WebServer/Documents/4227/api/app/models/user.php, line 25]
2011-04-11 13:03:57 Notice: Notice (8): Undefined index:  repeat_new_password in [/Library/WebServer/Documents/4227/api/app/controllers/users_controller.php, line 142]
2011-04-11 13:04:08 Notice: Notice (8): Undefined index:  repeat_new_password in [/Library/WebServer/Documents/4227/api/app/controllers/users_controller.php, line 142]
2011-04-11 13:04:32 Notice: Notice (8): Undefined index:  repeat_new_password in [/Library/WebServer/Documents/4227/api/app/controllers/users_controller.php, line 142]
2011-04-11 13:05:06 Notice: Notice (8): Undefined index:  username in [/Library/WebServer/Documents/4227/api/app/models/user.php, line 24]
2011-04-11 13:05:06 Notice: Notice (8): Undefined index:  password in [/Library/WebServer/Documents/4227/api/app/models/user.php, line 25]
2011-04-11 13:59:42 Notice: Notice (8): Undefined index:  video in [/Library/WebServer/Documents/4227/api/app/controllers/queues_controller.php, line 63]
2011-04-11 16:29:47 Notice: Notice (8): Undefined index: username in [/Users/rasheilla/Localhost/4227/api/app/models/user.php, line 24]
2011-04-11 16:29:47 Notice: Notice (8): Undefined index: password in [/Users/rasheilla/Localhost/4227/api/app/models/user.php, line 25]
2011-04-11 16:30:09 Notice: Notice (8): Undefined index: username in [/Users/rasheilla/Localhost/4227/api/app/models/user.php, line 24]
2011-04-11 16:30:09 Notice: Notice (8): Undefined index: password in [/Users/rasheilla/Localhost/4227/api/app/models/user.php, line 25]
2011-04-11 16:30:29 Notice: Notice (8): Undefined index: username in [/Users/rasheilla/Localhost/4227/api/app/models/user.php, line 24]
2011-04-11 16:30:29 Notice: Notice (8): Undefined index: password in [/Users/rasheilla/Localhost/4227/api/app/models/user.php, line 25]
2011-04-11 16:30:32 Notice: Notice (8): Undefined index: username in [/Users/rasheilla/Localhost/4227/api/app/models/user.php, line 24]
2011-04-11 16:30:32 Notice: Notice (8): Undefined index: password in [/Users/rasheilla/Localhost/4227/api/app/models/user.php, line 25]
2011-04-11 16:30:34 Notice: Notice (8): Undefined index: username in [/Users/rasheilla/Localhost/4227/api/app/models/user.php, line 24]
2011-04-11 16:30:34 Notice: Notice (8): Undefined index: password in [/Users/rasheilla/Localhost/4227/api/app/models/user.php, line 25]
2011-04-11 16:30:39 Notice: Notice (8): Undefined index: username in [/Users/rasheilla/Localhost/4227/api/app/models/user.php, line 24]
2011-04-11 16:30:39 Notice: Notice (8): Undefined index: password in [/Users/rasheilla/Localhost/4227/api/app/models/user.php, line 25]
2011-04-11 16:30:50 Notice: Notice (8): Undefined index: username in [/Users/rasheilla/Localhost/4227/api/app/models/user.php, line 24]
2011-04-11 16:30:50 Notice: Notice (8): Undefined index: password in [/Users/rasheilla/Localhost/4227/api/app/models/user.php, line 25]
2011-04-11 16:30:51 Notice: Notice (8): Undefined index: username in [/Users/rasheilla/Localhost/4227/api/app/models/user.php, line 24]
2011-04-11 16:30:51 Notice: Notice (8): Undefined index: password in [/Users/rasheilla/Localhost/4227/api/app/models/user.php, line 25]
2011-04-11 16:30:51 Notice: Notice (8): Undefined index: username in [/Users/rasheilla/Localhost/4227/api/app/models/user.php, line 24]
2011-04-11 16:30:51 Notice: Notice (8): Undefined index: password in [/Users/rasheilla/Localhost/4227/api/app/models/user.php, line 25]
2011-04-11 16:30:53 Notice: Notice (8): Undefined index: username in [/Users/rasheilla/Localhost/4227/api/app/models/user.php, line 24]
2011-04-11 16:30:53 Notice: Notice (8): Undefined index: password in [/Users/rasheilla/Localhost/4227/api/app/models/user.php, line 25]
2011-04-11 16:32:44 Notice: Notice (8): Undefined index: username in [/Users/rasheilla/Localhost/4227/api/app/models/user.php, line 24]
2011-04-11 16:32:44 Notice: Notice (8): Undefined index: password in [/Users/rasheilla/Localhost/4227/api/app/models/user.php, line 25]
2011-04-11 16:32:59 Notice: Notice (8): Undefined index: username in [/Users/rasheilla/Localhost/4227/api/app/models/user.php, line 24]
2011-04-11 16:32:59 Notice: Notice (8): Undefined index: password in [/Users/rasheilla/Localhost/4227/api/app/models/user.php, line 25]
2011-04-11 16:33:00 Notice: Notice (8): Undefined index: username in [/Users/rasheilla/Localhost/4227/api/app/models/user.php, line 24]
2011-04-11 16:33:00 Notice: Notice (8): Undefined index: password in [/Users/rasheilla/Localhost/4227/api/app/models/user.php, line 25]
2011-04-11 16:33:09 Notice: Notice (8): Undefined index: username in [/Users/rasheilla/Localhost/4227/api/app/models/user.php, line 24]
2011-04-11 16:33:09 Notice: Notice (8): Undefined index: password in [/Users/rasheilla/Localhost/4227/api/app/models/user.php, line 25]
2011-04-11 16:37:20 Notice: Notice (8): Undefined index: username in [/Users/rasheilla/Localhost/4227/api/app/models/user.php, line 24]
2011-04-11 16:37:20 Notice: Notice (8): Undefined index: password in [/Users/rasheilla/Localhost/4227/api/app/models/user.php, line 25]
2011-04-11 17:14:56 Notice: Notice (8): Undefined index: username in [/Users/rasheilla/Localhost/4227/api/app/models/user.php, line 24]
2011-04-11 17:14:56 Notice: Notice (8): Undefined index: password in [/Users/rasheilla/Localhost/4227/api/app/models/user.php, line 25]
2011-04-11 17:26:04 Notice: Notice (8): Undefined index: username in [/Users/rasheilla/Localhost/4227/api/app/models/user.php, line 24]
2011-04-11 17:26:04 Notice: Notice (8): Undefined index: password in [/Users/rasheilla/Localhost/4227/api/app/models/user.php, line 25]
2011-04-11 17:26:12 Notice: Notice (8): Undefined index: username in [/Users/rasheilla/Localhost/4227/api/app/models/user.php, line 24]
2011-04-11 17:26:12 Notice: Notice (8): Undefined index: password in [/Users/rasheilla/Localhost/4227/api/app/models/user.php, line 25]
2011-04-11 17:26:52 Notice: Notice (8): Undefined index: username in [/Users/rasheilla/Localhost/4227/api/app/models/user.php, line 24]
2011-04-11 17:26:52 Notice: Notice (8): Undefined index: password in [/Users/rasheilla/Localhost/4227/api/app/models/user.php, line 25]
2011-04-11 17:28:40 Notice: Notice (8): Undefined index: username in [/Users/rasheilla/Localhost/4227/api/app/models/user.php, line 24]
2011-04-11 17:28:40 Notice: Notice (8): Undefined index: password in [/Users/rasheilla/Localhost/4227/api/app/models/user.php, line 25]
2011-04-11 17:28:51 Notice: Notice (8): Undefined index: username in [/Users/rasheilla/Localhost/4227/api/app/models/user.php, line 24]
2011-04-11 17:28:51 Notice: Notice (8): Undefined index: password in [/Users/rasheilla/Localhost/4227/api/app/models/user.php, line 25]
2011-04-11 17:29:23 Notice: Notice (8): Undefined index: username in [/Users/rasheilla/Localhost/4227/api/app/models/user.php, line 24]
2011-04-11 17:29:23 Notice: Notice (8): Undefined index: password in [/Users/rasheilla/Localhost/4227/api/app/models/user.php, line 25]
2011-04-11 17:51:06 Notice: Notice (8): Undefined index: username in [/Users/rasheilla/Localhost/4227/api/app/models/user.php, line 24]
2011-04-11 17:51:06 Notice: Notice (8): Undefined index: password in [/Users/rasheilla/Localhost/4227/api/app/models/user.php, line 25]
2011-04-12 04:12:49 Notice: Notice (8): Undefined index:  username in [/Library/WebServer/Documents/4227/api/app/models/user.php, line 24]
2011-04-12 04:12:49 Notice: Notice (8): Undefined index:  password in [/Library/WebServer/Documents/4227/api/app/models/user.php, line 25]
2011-04-12 04:12:51 Notice: Notice (8): Undefined index:  username in [/Library/WebServer/Documents/4227/api/app/models/user.php, line 24]
2011-04-12 04:12:51 Notice: Notice (8): Undefined index:  password in [/Library/WebServer/Documents/4227/api/app/models/user.php, line 25]
2011-04-12 04:31:29 Notice: Notice (8): Undefined index:  username in [/Library/WebServer/Documents/4227/api/app/models/user.php, line 37]
2011-04-12 04:31:29 Notice: Notice (8): Undefined index:  password in [/Library/WebServer/Documents/4227/api/app/models/user.php, line 38]
2011-04-12 04:32:31 Notice: Notice (8): Undefined index:  username in [/Library/WebServer/Documents/4227/api/app/models/user.php, line 37]
2011-04-12 04:32:31 Notice: Notice (8): Undefined index:  password in [/Library/WebServer/Documents/4227/api/app/models/user.php, line 38]
2011-04-12 09:06:11 Notice: Notice (8): Undefined index:  username in [/Library/WebServer/Documents/4227/api/app/models/user.php, line 37]
2011-04-12 09:06:11 Notice: Notice (8): Undefined index:  password in [/Library/WebServer/Documents/4227/api/app/models/user.php, line 38]
2011-04-12 09:06:27 Notice: Notice (8): Undefined index:  username in [/Library/WebServer/Documents/4227/api/app/models/user.php, line 37]
2011-04-12 09:06:27 Notice: Notice (8): Undefined index:  password in [/Library/WebServer/Documents/4227/api/app/models/user.php, line 38]
2011-04-12 09:06:27 Notice: Notice (8): Undefined index:  username in [/Library/WebServer/Documents/4227/api/app/models/user.php, line 37]
2011-04-12 09:06:27 Notice: Notice (8): Undefined index:  password in [/Library/WebServer/Documents/4227/api/app/models/user.php, line 38]
2011-04-12 09:06:51 Notice: Notice (8): Undefined index:  username in [/Library/WebServer/Documents/4227/api/app/models/user.php, line 37]
2011-04-12 09:06:51 Notice: Notice (8): Undefined index:  password in [/Library/WebServer/Documents/4227/api/app/models/user.php, line 38]
2011-04-12 09:06:51 Notice: Notice (8): Undefined index:  username in [/Library/WebServer/Documents/4227/api/app/models/user.php, line 37]
2011-04-12 09:06:51 Notice: Notice (8): Undefined index:  password in [/Library/WebServer/Documents/4227/api/app/models/user.php, line 38]
2011-04-12 09:07:30 Notice: Notice (8): Undefined index:  username in [/Library/WebServer/Documents/4227/api/app/models/user.php, line 37]
2011-04-12 09:07:30 Notice: Notice (8): Undefined index:  password in [/Library/WebServer/Documents/4227/api/app/models/user.php, line 38]
2011-04-12 09:07:45 Notice: Notice (8): Undefined index:  username in [/Library/WebServer/Documents/4227/api/app/models/user.php, line 37]
2011-04-12 09:07:45 Notice: Notice (8): Undefined index:  password in [/Library/WebServer/Documents/4227/api/app/models/user.php, line 38]
2011-04-12 09:08:10 Notice: Notice (8): Undefined index:  username in [/Library/WebServer/Documents/4227/api/app/models/user.php, line 37]
2011-04-12 09:08:10 Notice: Notice (8): Undefined index:  password in [/Library/WebServer/Documents/4227/api/app/models/user.php, line 38]
2011-04-12 09:14:58 Notice: Notice (8): Undefined variable: video in [/Library/WebServer/Documents/4227/api/app/controllers/videos_controller.php, line 53]
2011-04-12 18:07:00 Notice: Notice (8): Undefined index:  username in [/Library/WebServer/Documents/4227/api/app/models/user.php, line 37]
2011-04-12 18:07:00 Notice: Notice (8): Undefined index:  password in [/Library/WebServer/Documents/4227/api/app/models/user.php, line 38]
2011-04-12 18:07:14 Notice: Notice (8): Undefined index:  username in [/Library/WebServer/Documents/4227/api/app/models/user.php, line 37]
2011-04-12 18:07:14 Notice: Notice (8): Undefined index:  password in [/Library/WebServer/Documents/4227/api/app/models/user.php, line 38]
2011-04-12 18:09:00 Notice: Notice (8): Undefined index:  amount in [/Library/WebServer/Documents/4227/api/app/controllers/users_controller.php, line 217]
2011-04-12 18:09:16 Notice: Notice (8): Undefined index:  amount in [/Library/WebServer/Documents/4227/api/app/controllers/users_controller.php, line 217]
2011-04-12 18:09:59 Notice: Notice (8): Undefined index:  amount in [/Library/WebServer/Documents/4227/api/app/controllers/users_controller.php, line 217]
2011-04-12 18:32:33 Notice: Notice (8): Undefined index:  username in [/Library/WebServer/Documents/4227/api/app/models/user.php, line 37]
2011-04-12 18:32:33 Notice: Notice (8): Undefined index:  password in [/Library/WebServer/Documents/4227/api/app/models/user.php, line 38]
2011-04-12 18:32:57 Notice: Notice (8): Undefined index:  username in [/Library/WebServer/Documents/4227/api/app/models/user.php, line 37]
2011-04-12 18:32:57 Notice: Notice (8): Undefined index:  password in [/Library/WebServer/Documents/4227/api/app/models/user.php, line 38]
2011-04-12 18:45:01 Notice: Notice (8): Undefined index:  username in [/Library/WebServer/Documents/4227/api/app/models/user.php, line 37]
2011-04-12 18:45:01 Notice: Notice (8): Undefined index:  password in [/Library/WebServer/Documents/4227/api/app/models/user.php, line 38]
2011-04-12 18:46:57 Notice: Notice (8): Undefined index:  username in [/Library/WebServer/Documents/4227/api/app/models/user.php, line 37]
2011-04-12 18:46:57 Notice: Notice (8): Undefined index:  password in [/Library/WebServer/Documents/4227/api/app/models/user.php, line 38]
2011-04-13 00:44:43 Notice: Notice (8): Undefined variable: id in [/Library/WebServer/Documents/4227/api/app/controllers/genres_controller.php, line 37]
2011-04-13 00:47:30 Notice: Notice (8): Undefined index:  Genre in [/Library/WebServer/Documents/4227/api/app/controllers/genres_controller.php, line 47]
2011-04-13 00:47:50 Notice: Notice (8): Undefined index:  Genre in [/Library/WebServer/Documents/4227/api/app/controllers/genres_controller.php, line 47]
2011-04-13 00:48:32 Notice: Notice (8): Undefined index:  Genre in [/Library/WebServer/Documents/4227/api/app/controllers/genres_controller.php, line 47]
2011-04-13 00:50:57 Notice: Notice (8): Undefined index:  genre in [/Library/WebServer/Documents/4227/api/app/controllers/genres_controller.php, line 23]
2011-04-13 01:42:20 Notice: Notice (8): Undefined index:  actor in [/Library/WebServer/Documents/4227/api/app/controllers/actors_controller.php, line 57]
2011-04-13 01:42:40 Notice: Notice (8): Undefined index:  actor in [/Library/WebServer/Documents/4227/api/app/controllers/actors_controller.php, line 57]
2011-04-13 01:42:57 Notice: Notice (8): Undefined index:  actor in [/Library/WebServer/Documents/4227/api/app/controllers/actors_controller.php, line 57]
2011-04-13 01:50:07 Notice: Notice (8): Undefined index:  username in [/Library/WebServer/Documents/4227/api/app/models/user.php, line 47]
2011-04-13 01:50:07 Notice: Notice (8): Undefined index:  password in [/Library/WebServer/Documents/4227/api/app/models/user.php, line 48]
2011-04-13 01:52:20 Notice: Notice (8): Undefined variable: id in [/Library/WebServer/Documents/4227/api/app/controllers/actors_controller.php, line 59]
2011-04-13 02:03:44 Notice: Notice (8): Undefined index:  username in [/Library/WebServer/Documents/4227/api/app/models/user.php, line 47]
2011-04-13 02:03:44 Notice: Notice (8): Undefined index:  password in [/Library/WebServer/Documents/4227/api/app/models/user.php, line 48]
2011-04-13 02:03:50 Notice: Notice (8): Undefined index:  username in [/Library/WebServer/Documents/4227/api/app/models/user.php, line 47]
2011-04-13 02:03:50 Notice: Notice (8): Undefined index:  password in [/Library/WebServer/Documents/4227/api/app/models/user.php, line 48]
2011-04-13 02:04:09 Notice: Notice (8): Undefined index:  username in [/Library/WebServer/Documents/4227/api/app/models/user.php, line 47]
2011-04-13 02:04:09 Notice: Notice (8): Undefined index:  password in [/Library/WebServer/Documents/4227/api/app/models/user.php, line 48]
2011-04-13 02:13:19 Notice: Notice (8): Undefined index:  User in [/Library/WebServer/Documents/4227/api/app/controllers/users_controller.php, line 154]
2011-04-13 02:13:49 Notice: Notice (8): Undefined index:  User in [/Library/WebServer/Documents/4227/api/app/controllers/users_controller.php, line 154]
2011-04-13 02:14:02 Notice: Notice (8): Undefined index:  User in [/Library/WebServer/Documents/4227/api/app/controllers/users_controller.php, line 154]
2011-04-13 04:18:06 Notice: Notice (8): Undefined variable: user in [/Library/WebServer/Documents/4227/api/app/controllers/queues_controller.php, line 100]
2011-04-13 04:18:06 Notice: Notice (8): Undefined variable: user in [/Library/WebServer/Documents/4227/api/app/controllers/queues_controller.php, line 101]
2011-04-13 04:18:09 Notice: Notice (8): Undefined variable: user in [/Library/WebServer/Documents/4227/api/app/controllers/queues_controller.php, line 100]
2011-04-13 04:18:09 Notice: Notice (8): Undefined variable: user in [/Library/WebServer/Documents/4227/api/app/controllers/queues_controller.php, line 101]
2011-04-13 04:18:33 Notice: Notice (8): Undefined variable: user in [/Library/WebServer/Documents/4227/api/app/controllers/queues_controller.php, line 100]
2011-04-13 04:18:33 Notice: Notice (8): Undefined variable: user in [/Library/WebServer/Documents/4227/api/app/controllers/queues_controller.php, line 101]
2011-04-13 04:18:39 Notice: Notice (8): Undefined variable: user in [/Library/WebServer/Documents/4227/api/app/controllers/queues_controller.php, line 100]
2011-04-13 04:18:39 Notice: Notice (8): Undefined variable: user in [/Library/WebServer/Documents/4227/api/app/controllers/queues_controller.php, line 101]
2011-04-13 05:42:54 Notice: Notice (8): Undefined index:  username in [/Library/WebServer/Documents/4227/api/app/models/user.php, line 47]
2011-04-13 05:42:54 Notice: Notice (8): Undefined index:  password in [/Library/WebServer/Documents/4227/api/app/models/user.php, line 48]
2011-04-13 05:42:54 Notice: Notice (8): Undefined index:  username in [/Library/WebServer/Documents/4227/api/app/models/user.php, line 47]
2011-04-13 05:42:54 Notice: Notice (8): Undefined index:  password in [/Library/WebServer/Documents/4227/api/app/models/user.php, line 48]
2011-04-13 05:43:12 Notice: Notice (8): Undefined index:  username in [/Library/WebServer/Documents/4227/api/app/models/user.php, line 47]
2011-04-13 05:43:12 Notice: Notice (8): Undefined index:  password in [/Library/WebServer/Documents/4227/api/app/models/user.php, line 48]
2011-04-13 05:43:12 Notice: Notice (8): Undefined index:  username in [/Library/WebServer/Documents/4227/api/app/models/user.php, line 47]
2011-04-13 05:43:12 Notice: Notice (8): Undefined index:  password in [/Library/WebServer/Documents/4227/api/app/models/user.php, line 48]
2011-04-13 06:04:52 Notice: Notice (8): Use of undefined constant count - assumed 'count' in [/Library/WebServer/Documents/4227/api/app/controllers/users_controller.php, line 254]
2011-04-13 06:05:11 Notice: Notice (8): Use of undefined constant count - assumed 'count' in [/Library/WebServer/Documents/4227/api/app/controllers/users_controller.php, line 254]
2011-04-13 06:05:25 Notice: Notice (8): Use of undefined constant count - assumed 'count' in [/Library/WebServer/Documents/4227/api/app/controllers/users_controller.php, line 254]
2011-04-13 06:13:37 Notice: Notice (8): Undefined index:  3 in [/Library/WebServer/Documents/4227/api/app/controllers/videos_controller.php, line 23]
2011-04-13 06:13:37 Notice: Notice (8): Undefined index:  2 in [/Library/WebServer/Documents/4227/api/app/controllers/videos_controller.php, line 23]
2011-04-13 06:23:15 Notice: Notice (8): Undefined index:  username in [/Library/WebServer/Documents/4227/api/app/models/user.php, line 47]
2011-04-13 06:23:15 Notice: Notice (8): Undefined index:  password in [/Library/WebServer/Documents/4227/api/app/models/user.php, line 48]
2011-04-13 06:34:05 Notice: Notice (8): Undefined index:  keyword in [/Library/WebServer/Documents/4227/api/app/controllers/videos_controller.php, line 20]
2011-04-13 06:37:04 Notice: Notice (8): Undefined index:  keyword in [/Library/WebServer/Documents/4227/api/app/controllers/videos_controller.php, line 20]
2011-04-13 06:39:02 Notice: Notice (8): Undefined index:  keyword in [/Library/WebServer/Documents/4227/api/app/controllers/videos_controller.php, line 20]
2011-04-13 06:48:36 Notice: Notice (8): Undefined index:  status in [/Library/WebServer/Documents/4227/api/app/controllers/queues_controller.php, line 132]
2011-04-13 06:48:36 Notice: Notice (8): Undefined index:  video_id in [/Library/WebServer/Documents/4227/api/app/controllers/queues_controller.php, line 135]
2011-04-13 06:48:36 Notice: Notice (8): Undefined index:  Video in [/Library/WebServer/Documents/4227/api/app/controllers/queues_controller.php, line 139]
2011-04-13 06:48:36 Notice: Notice (8): Undefined index:  available in [/Library/WebServer/Documents/4227/api/app/controllers/queues_controller.php, line 139]
2011-04-13 07:02:21 Notice: Notice (8): Undefined index:  username in [/Library/WebServer/Documents/4227/api/app/models/user.php, line 47]
2011-04-13 07:02:21 Notice: Notice (8): Undefined index:  password in [/Library/WebServer/Documents/4227/api/app/models/user.php, line 48]
2011-04-13 07:02:22 Notice: Notice (8): Undefined index:  username in [/Library/WebServer/Documents/4227/api/app/models/user.php, line 47]
2011-04-13 07:02:22 Notice: Notice (8): Undefined index:  password in [/Library/WebServer/Documents/4227/api/app/models/user.php, line 48]
2011-04-13 07:04:27 Notice: Notice (8): Undefined index:  username in [/Library/WebServer/Documents/4227/api/app/models/user.php, line 47]
2011-04-13 07:04:27 Notice: Notice (8): Undefined index:  password in [/Library/WebServer/Documents/4227/api/app/models/user.php, line 48]
2011-04-13 07:18:28 Notice: Notice (8): Undefined index:  username in [/Library/WebServer/Documents/4227/api/app/models/user.php, line 47]
2011-04-13 07:18:28 Notice: Notice (8): Undefined index:  password in [/Library/WebServer/Documents/4227/api/app/models/user.php, line 48]
2011-04-13 07:21:51 Notice: Notice (8): Undefined index:  username in [/Library/WebServer/Documents/4227/api/app/models/user.php, line 47]
2011-04-13 07:21:51 Notice: Notice (8): Undefined index:  password in [/Library/WebServer/Documents/4227/api/app/models/user.php, line 48]
